[2026-05-23 17:50:21] [INFO   ] === ECSBF Engine starting ===
[2026-05-23 17:50:21] [INFO   ] Registry ready
[2026-05-23 17:50:21] [INFO   ] SessionManager ready
[2026-05-23 17:50:21] [INFO   ] Engine ready
[2026-05-23 17:50:21] [INFO   ] Engine is online
[2026-05-23 17:50:41] [INFO   ] Node registered: 'abc'
[2026-05-23 17:50:41] [INFO   ] Session started: 'abc'  (active: 1)
[2026-05-23 17:50:46] [INFO   ] 'abc' broadcast: hello
[2026-05-23 17:51:08] [INFO   ] Node registered: 'xyz'
[2026-05-23 17:51:08] [INFO   ] Session started: 'xyz'  (active: 2)
[2026-05-23 17:51:11] [INFO   ] 'xyz' broadcast: hiiiii
[2026-05-23 17:51:31] [INFO   ] Node logged in: 'xyz'
[2026-05-23 17:51:31] [INFO   ] Session restored for 'xyz'
[2026-05-23 17:51:31] [INFO   ] Session started: 'xyz'  (active: 2)
[2026-05-23 17:51:35] [INFO   ] 'xyz' broadcast: er
[2026-05-23 17:52:22] [INFO   ] Node logged in: 'abc'
[2026-05-23 17:52:22] [INFO   ] Session restored for 'abc'
[2026-05-23 17:52:22] [INFO   ] Session started: 'abc'  (active: 2)
[2026-05-23 17:52:27] [INFO   ] 'abc' broadcast: bhai
[2026-05-23 18:55:09] [INFO   ] === ECSBF Engine starting ===
[2026-05-23 18:55:09] [INFO   ] Registry ready
[2026-05-23 18:55:09] [INFO   ] SessionManager ready
[2026-05-23 18:55:09] [INFO   ] Engine ready
[2026-05-23 18:55:09] [INFO   ] Engine is online
[2026-05-23 18:55:34] [INFO   ] Node registered: 'node_1'
[2026-05-23 18:55:34] [INFO   ] Session started: 'node_1'  (active: 1)
[2026-05-23 18:55:43] [INFO   ] 'node_1' broadcast: Hello
[2026-05-23 18:56:36] [INFO   ] Node logged in: 'node_1'
[2026-05-23 18:56:36] [INFO   ] Session restored for 'node_1'
[2026-05-23 18:56:36] [INFO   ] Session started: 'node_1'  (active: 1)
[2026-05-23 18:56:41] [INFO   ] 'node_1' broadcast: I am back
[2026-05-23 19:29:29] [INFO   ] === ECSBF Engine starting ===
[2026-05-23 19:29:29] [INFO   ] Registry ready
[2026-05-23 19:29:29] [INFO   ] SessionManager ready
[2026-05-23 19:29:29] [INFO   ] Engine ready
[2026-05-23 19:29:29] [INFO   ] Engine is online
[2026-05-23 19:29:46] [INFO   ] Node registered: 'saikat'
[2026-05-23 19:29:46] [INFO   ] Session started: 'saikat'  (active: 1)
[2026-05-23 19:29:49] [INFO   ] 'saikat' broadcast: hello
[2026-05-23 19:30:16] [INFO   ] Node registered: 'prit'
[2026-05-23 19:30:16] [INFO   ] Session started: 'prit'  (active: 2)
[2026-05-23 19:30:19] [INFO   ] 'prit' broadcast: hiii
[2026-05-23 19:30:44] [INFO   ] Node logged in: 'saikat'
[2026-05-23 19:30:44] [INFO   ] Session restored for 'saikat'
[2026-05-23 19:30:44] [INFO   ] Session started: 'saikat'  (active: 2)
[2026-05-23 19:30:47] [INFO   ] 'saikat' broadcast: i am back
[2026-05-23 21:19:02] [INFO   ] === ECSBF Engine starting ===
[2026-05-23 21:19:02] [INFO   ] Registry ready
[2026-05-23 21:19:02] [INFO   ] SessionManager ready
[2026-05-23 21:19:02] [INFO   ] Engine ready
[2026-05-23 21:19:02] [INFO   ] Engine is online
[2026-05-23 21:19:35] [INFO   ] Node registered: 'saikat'
[2026-05-23 21:19:35] [INFO   ] Session started: 'saikat'  (active: 1)
[2026-05-23 21:19:39] [INFO   ] 'saikat' broadcast: hello
[2026-05-23 21:19:58] [INFO   ] Node logged in: 'saikat'
[2026-05-23 21:19:58] [INFO   ] Session restored for 'saikat'
[2026-05-23 21:19:58] [INFO   ] Session started: 'saikat'  (active: 1)
[2026-05-23 21:20:04] [INFO   ] 'saikat' broadcast: I am back
[2026-05-23 21:20:20] [INFO   ] 'saikat' disconnected
[2026-05-23 21:20:20] [INFO   ] Session ended: 'saikat'  (active: 0)
[2026-05-23 21:20:23] [INFO   ] 'saikat' disconnected
[2026-05-23 21:20:23] [WARNING] remove() — no session found for 'saikat' (fd already replaced)
